mode: count
github.com/BedIsTooFarAway/effective-go/url.go:9.41,13.11 2 3
github.com/BedIsTooFarAway/effective-go/url.go:16.2,19.42 3 1
github.com/BedIsTooFarAway/effective-go/url.go:23.2,23.38 1 1
github.com/BedIsTooFarAway/effective-go/url.go:13.11,15.3 1 2
github.com/BedIsTooFarAway/effective-go/url.go:19.42,21.3 1 1
github.com/BedIsTooFarAway/effective-go/url.go:27.31,28.14 1 5
github.com/BedIsTooFarAway/effective-go/url.go:31.2,32.30 2 4
github.com/BedIsTooFarAway/effective-go/url.go:35.2,35.26 1 4
github.com/BedIsTooFarAway/effective-go/url.go:38.2,38.26 1 4
github.com/BedIsTooFarAway/effective-go/url.go:41.2,41.10 1 4
github.com/BedIsTooFarAway/effective-go/url.go:28.14,30.3 1 1
github.com/BedIsTooFarAway/effective-go/url.go:32.30,34.3 1 3
github.com/BedIsTooFarAway/effective-go/url.go:35.26,37.3 1 2
github.com/BedIsTooFarAway/effective-go/url.go:38.26,40.3 1 1
github.com/BedIsTooFarAway/effective-go/url.go:44.33,46.11 2 5
github.com/BedIsTooFarAway/effective-go/url.go:49.2,49.19 1 3
github.com/BedIsTooFarAway/effective-go/url.go:46.11,48.3 1 2
github.com/BedIsTooFarAway/effective-go/url.go:52.29,54.11 2 5
github.com/BedIsTooFarAway/effective-go/url.go:57.2,57.21 1 3
github.com/BedIsTooFarAway/effective-go/url.go:54.11,56.3 1 2
